\BOOKMARK [0][-]{chapter.1}{About the Framework}{}% 1
\BOOKMARK [1][-]{section.1.1}{Overview and background of the PuppyIR Framework}{chapter.1}% 2
\BOOKMARK [1][-]{section.1.2}{Requirements and Installation}{chapter.1}% 3
\BOOKMARK [1][-]{section.1.3}{Paradigm 1 - One Pipeline, One Search Engine}{chapter.1}% 4
\BOOKMARK [1][-]{section.1.4}{Paradigm 2 - One Pipeline, Many Search Engines}{chapter.1}% 5
\BOOKMARK [0][-]{chapter.2}{Using the Framework}{}% 6
\BOOKMARK [1][-]{section.2.1}{Running Prototypes}{chapter.2}% 7
\BOOKMARK [1][-]{section.2.2}{Building a Standalone PuppyIR Service}{chapter.2}% 8
\BOOKMARK [1][-]{section.2.3}{Exception Handling in PuppyIR}{chapter.2}% 9
\BOOKMARK [1][-]{section.2.4}{The PuppyIR Framework Test Suite}{chapter.2}% 10
\BOOKMARK [0][-]{chapter.3}{Tutorials}{}% 11
\BOOKMARK [1][-]{section.3.1}{BaSe Tutorial: Building a PuppyIR/Django Service}{chapter.3}% 12
\BOOKMARK [1][-]{section.3.2}{IfSe Tutorial: Information Foraging Search Application}{chapter.3}% 13
\BOOKMARK [1][-]{section.3.3}{MaSe Tutorial: Create Your Own Mash-Up Search Interface}{chapter.3}% 14
\BOOKMARK [1][-]{section.3.4}{Pipeline Tutorial: DeeSe \(Detective Search\)}{chapter.3}% 15
\BOOKMARK [0][-]{chapter.4}{Extending the PuppyIR Framework}{}% 16
\BOOKMARK [1][-]{section.4.1}{Extending the Query Pipeline}{chapter.4}% 17
\BOOKMARK [1][-]{section.4.2}{Extending the Result Pipeline}{chapter.4}% 18
\BOOKMARK [1][-]{section.4.3}{Adding new Search Engine Wrappers}{chapter.4}% 19
\BOOKMARK [0][-]{chapter.5}{Appendices}{}% 20
\BOOKMARK [1][-]{section.5.1}{Frequently Asked Questions}{chapter.5}% 21
\BOOKMARK [1][-]{section.5.2}{The structure and the PuppyIR repository}{chapter.5}% 22
\BOOKMARK [1][-]{section.5.3}{Known issues with the PuppyIR framework}{chapter.5}% 23
\BOOKMARK [0][-]{chapter.6}{API Reference}{}% 24
\BOOKMARK [1][-]{section.6.1}{PuppyIR API Reference}{chapter.6}% 25
\BOOKMARK [0][-]{chapter.7}{Indices and tables}{}% 26
\BOOKMARK [0][-]{section*.232}{Python Module Index}{}% 27
\BOOKMARK [0][-]{section*.233}{Index}{}% 28
