2013-05-12 12:46:34,912 INFO 307 SNIP  XIE19990501.0067  1 150 23 VIEW_SNIPPET 0.0
2013-05-12 12:46:54,602 INFO 307 SNIP  XIE19990501.0067  1 150 23 VIEW_DOC 19.6893
2013-05-12 12:47:17,763 INFO 307 DOC  XIE19990501.0067  1 1421 221 DOC_REL 23.161088
2013-05-12 12:47:17,763 INFO 307 SNIP  XIE19981121.0137  1 150 22 VIEW_SNIPPET 0.0
2013-05-12 12:47:43,524 INFO 307 SNIP  XIE19981121.0137  1 150 22 VIEW_DOC 25.760598
2013-05-12 12:47:57,421 INFO 307 DOC  XIE19981121.0137  1 1885 275 DOC_REL 13.896497
2013-05-12 12:47:57,421 INFO 307 SNIP  XIE19961203.0196  1 150 22 VIEW_SNIPPET 0.0
2013-05-12 12:48:05,165 INFO 307 SNIP  XIE19961203.0196  1 150 22 DOC_NOTREL 7.743942
2013-05-12 12:48:05,165 INFO 307 SNIP  XIE19990512.0176  1 150 24 VIEW_SNIPPET 0.0
2013-05-12 12:48:11,581 INFO 307 SNIP  XIE19990512.0176  1 150 24 VIEW_DOC 6.416062
2013-05-12 12:48:16,646 INFO 307 DOC  XIE19990512.0176  1 649 92 DOC_REL 5.06415
2013-05-12 12:48:16,646 INFO 307 SNIP  XIE19981006.0142  1 150 24 VIEW_SNIPPET 0.0
2013-05-12 12:48:22,996 INFO 307 SNIP  XIE19981006.0142  1 150 24 VIEW_DOC 6.350631
2013-05-12 12:48:52,415 INFO 307 DOC  XIE19981006.0142  1 1859 272 DOC_REL 29.418741
2013-05-12 12:48:52,416 INFO 307 SNIP  XIE19960815.0223  1 150 24 VIEW_SNIPPET 0.0
2013-05-12 12:48:59,896 INFO 307 SNIP  XIE19960815.0223  1 150 24 DOC_NOTREL 7.479937
2013-05-12 12:48:59,896 INFO 307 SNIP  XIE19960120.0138  1 150 20 VIEW_SNIPPET 0.0
2013-05-12 12:49:05,552 INFO 307 SNIP  XIE19960120.0138  1 150 20 DOC_NOTREL 5.655986
2013-05-12 12:49:05,552 INFO 307 SNIP  XIE19961226.0101  2 150 22 VIEW_SNIPPET 0.0
2013-05-12 12:49:24,536 INFO 307 SNIP  XIE19961226.0101  2 150 22 VIEW_DOC 18.983316
2013-05-12 12:49:44,370 INFO 307 DOC  XIE19961226.0101  2 1879 284 DOC_REL 19.833673
2013-05-12 12:49:44,370 INFO 307 SNIP  XIE19970120.0005  1 150 25 VIEW_SNIPPET 0.0
2013-05-12 12:50:00,819 INFO 307 SNIP  XIE19970120.0005  1 150 25 VIEW_DOC 16.448594
2013-05-12 12:50:15,235 INFO 307 DOC  XIE19970120.0005  1 723 109 DOC_REL 14.416645
2013-05-12 12:50:15,236 INFO 307 SNIP  XIE19981111.0261  1 150 22 VIEW_SNIPPET 0.0
2013-05-12 12:50:29,804 INFO 307 SNIP  XIE19981111.0261  1 150 22 ERR 0.0
2013-05-12 12:50:30,692 INFO 307 SNIP  XIE19981111.0261  1 150 22 VIEW_DOC 15.456363
2013-05-12 12:50:50,453 INFO 307 DOC  XIE19981111.0261  1 1890 287 DOC_REL 19.76082
2013-05-12 12:50:50,453 INFO 307 SNIP  XIE19971104.0258  2 150 20 VIEW_SNIPPET 0.0
2013-05-12 12:50:59,733 INFO 307 SNIP  XIE19971104.0258  2 150 20 VIEW_DOC 9.279484
2013-05-12 12:51:05,301 INFO 307 DOC  XIE19971104.0258  2 1452 239 DOC_REL 5.56847
2013-05-12 12:51:05,302 INFO 307 SNIP  XIE19970419.0120  0 150 24 VIEW_SNIPPET 0.0
2013-05-12 12:51:16,334 INFO 307 SNIP  XIE19970419.0120  0 150 24 DOC_NOTREL 11.032127
2013-05-12 12:51:16,334 INFO 307 SNIP  XIE20000627.0017  1 150 24 VIEW_SNIPPET 0.0
2013-05-12 12:51:21,790 INFO 307 SNIP  XIE20000627.0017  1 150 24 VIEW_DOC 5.456209
2013-05-12 12:51:50,248 INFO 307 DOC  XIE20000627.0017  1 1053 158 DOC_REL 28.457239
2013-05-12 12:51:50,248 INFO 307 SNIP  XIE19971106.0004  1 150 23 VIEW_SNIPPET 0.0
2013-05-12 12:51:57,768 INFO 307 SNIP  XIE19971106.0004  1 150 23 VIEW_DOC 7.519954
2013-05-12 12:52:07,865 INFO 307 DOC  XIE19971106.0004  1 1665 265 DOC_REL 10.096487
2013-05-12 12:52:07,865 INFO 307 SNIP  XIE19961004.0058  1 150 25 VIEW_SNIPPET 0.0
2013-05-12 12:52:25,225 INFO 307 SNIP  XIE19961004.0058  1 150 25 VIEW_DOC 17.360371
2013-05-12 12:52:27,786 INFO 307 DOC  XIE19961004.0058  1 862 135 DOC_REL 2.560098
2013-05-12 12:52:27,786 INFO 307 SNIP  XIE19991205.0194  1 150 22 VIEW_SNIPPET 0.0
2013-05-12 12:52:37,442 INFO 307 SNIP  XIE19991205.0194  1 150 22 VIEW_DOC 9.655948
2013-05-12 12:52:47,955 INFO 307 DOC  XIE19991205.0194  1 1940 296 DOC_REL 10.512418
2013-05-12 12:52:47,955 INFO 307 SNIP  APW19980602.0026  1 150 21 VIEW_SNIPPET 0.0
2013-05-12 12:53:10,891 INFO 307 SNIP  APW19980602.0026  1 150 21 DOC_NOTREL 22.936249
2013-05-12 12:53:10,891 INFO 307 SNIP  XIE19970127.0073  0 150 22 VIEW_SNIPPET 0.0
2013-05-12 12:53:16,948 INFO 307 SNIP  XIE19970127.0073  0 150 22 DOC_NOTREL 6.056381
2013-05-12 12:53:16,948 INFO 307 SNIP  XIE19960722.0003  2 150 26 VIEW_SNIPPET 0.0
2013-05-12 12:53:21,196 INFO 307 SNIP  XIE19960722.0003  2 150 26 VIEW_DOC 4.247869
2013-05-12 12:53:26,924 INFO 307 DOC  XIE19960722.0003  2 1175 177 DOC_REL 5.728152
2013-05-12 12:53:26,925 INFO 307 SNIP  XIE19991017.0017  1 150 25 VIEW_SNIPPET 0.0
2013-05-12 12:53:36,196 INFO 307 SNIP  XIE19991017.0017  1 150 25 VIEW_DOC 9.271538
2013-05-12 12:53:47,325 INFO 307 DOC  XIE19991017.0017  1 1712 269 DOC_NOTREL 11.128948
